<?xml version="1.0" encoding="UTF-8"?>
<!-- Generated by org.testng.reporters.JUnitReportReporter -->
<testsuite hostname="LAPTOP-9FISPP1M" failures="0" tests="4" name="com.qa.crm.tests.Testing1" time="0.019" errors="0" timestamp="2022-10-06T10:39:26 EDT" skipped="0">
  <testcase classname="com.qa.crm.tests.Testing1" name="test1" time="0.003"/>
  <system-out/>
  <testcase classname="com.qa.crm.tests.Testing1" name="abc" time="0.008"/>
  <system-out/>
  <testcase classname="com.qa.crm.tests.Testing1" name="test2" time="0.005"/>
  <system-out/>
  <testcase classname="com.qa.crm.tests.Testing1" name="abc" time="0.003"/>
  <system-out/>
</testsuite> <!-- com.qa.crm.tests.Testing1 -->
